<?xml version="1.0" encoding="UTF-8"?>
<!-- Generated by org.testng.reporters.JUnitReportReporter -->
<testsuite hostname="LAPTOP-1HDOL07R" failures="0" tests="1" name="Test1.ExtentReportsusingTestNGDemo" time="3.817" errors="0" timestamp="2022-03-11T16:01:58 EST" skipped="0">
  <testcase classname="Test1.ExtentReportsusingTestNGDemo" name="googleSearchTest" time="3.817"/>
  <system-out/>
</testsuite> <!-- Test1.ExtentReportsusingTestNGDemo -->
