<?xml version="1.0" encoding="UTF-8"?>
<!-- Generated by org.testng.reporters.JUnitReportReporter -->
<testsuite hostname="LAPTOP-1HDOL07R" failures="0" tests="2" name="demo.TestNGMultibrowserDemo" time="2.522" errors="0" timestamp="2022-03-17T15:11:09 EDT" skipped="0">
  <testcase classname="demo.TestNGMultibrowserDemo" name="Test" time="0.818"/>
  <system-out/>
  <testcase classname="demo.TestNGMultibrowserDemo" name="Test" time="1.704"/>
  <system-out/>
</testsuite> <!-- demo.TestNGMultibrowserDemo -->
