<?xml version="1.0" encoding="UTF-8"?>
<!-- Generated by org.testng.reporters.JUnitReportReporter -->
<testsuite hostname="LAPTOP-1HDOL07R" failures="0" tests="4" name="demo.TestNGGroupsDemo" time="0.015" errors="0" timestamp="2022-03-18T11:26:56 EDT" skipped="0">
  <testcase classname="demo.TestNGGroupsDemo" name="test2" time="0.002"/>
  <system-out/>
  <testcase classname="demo.TestNGGroupsDemo" name="test4" time="0.001"/>
  <system-out/>
  <testcase classname="demo.TestNGGroupsDemo" name="test1" time="0.011"/>
  <system-out/>
  <testcase classname="demo.TestNGGroupsDemo" name="test3" time="0.001"/>
  <system-out/>
</testsuite> <!-- demo.TestNGGroupsDemo -->
