<?xml version="1.0" encoding="UTF-8"?>
<!-- Generated by org.testng.reporters.JUnitReportReporter -->
<testsuite hostname="LAPTOP-1HDOL07R" failures="0" tests="3" name="priorityTestPackage.PriorityTest" time="0.011" errors="0" timestamp="2022-03-17T14:34:06 EDT" skipped="0">
  <testcase classname="priorityTestPackage.PriorityTest" name="test3" time="0.009"/>
  <system-out/>
  <testcase classname="priorityTestPackage.PriorityTest" name="test1" time="0.001"/>
  <system-out/>
  <testcase classname="priorityTestPackage.PriorityTest" name="test2" time="0.001"/>
  <system-out/>
</testsuite> <!-- priorityTestPackage.PriorityTest -->
