<?xml version="1.0" encoding="UTF-8"?>
<!-- Generated by org.testng.reporters.JUnitReportReporter -->
<testsuite hostname="LAPTOP-1HDOL07R" failures="0" tests="2" name="demo.TestNGIgnoreDemo" time="0.011" errors="0" timestamp="2022-03-18T11:32:20 EDT" skipped="1">
  <testcase classname="demo.TestNGIgnoreDemo" name="test2" time="0.011"/>
  <system-out/>
  <testcase classname="demo.TestNGIgnoreDemo" name="test1">
    <skipped/>
  </testcase> <!-- test1 -->
  <system-out/>
</testsuite> <!-- demo.TestNGIgnoreDemo -->
