<?xml version="1.0" encoding="UTF-8"?>
<!-- Generated by org.testng.reporters.JUnitReportReporter -->
<testsuite hostname="LAPTOP-1HDOL07R" failures="0" tests="3" name="demo.TestNGDependenciesDemo" time="0.011" errors="0" timestamp="2022-03-18T11:29:29 EDT" skipped="0">
  <testcase classname="demo.TestNGDependenciesDemo" name="test2" time="0.008"/>
  <system-out/>
  <testcase classname="demo.TestNGDependenciesDemo" name="test3" time="0.002"/>
  <system-out/>
  <testcase classname="demo.TestNGDependenciesDemo" name="test1" time="0.001"/>
  <system-out/>
</testsuite> <!-- demo.TestNGDependenciesDemo -->
