<?xml version="1.0" encoding="UTF-8"?>
<!-- Generated by org.testng.reporters.JUnitReportReporter -->
<testsuite hostname="LAPTOP-1HDOL07R" failures="0" tests="1" name="demo.TestNGParametersDemo" time="0.008" errors="0" timestamp="2022-03-18T11:00:02 EDT" skipped="0">
  <testcase classname="demo.TestNGParametersDemo" name="test" time="0.008"/>
  <system-out/>
</testsuite> <!-- demo.TestNGParametersDemo -->
