<?xml version="1.0" encoding="UTF-8"?>
<!-- Generated by org.testng.reporters.JUnitReportReporter -->
<testsuite hostname="LAPTOP-1HDOL07R" failures="0" tests="1" name="listenerspack.TestNGListenersDemo" time="0.013" errors="0" timestamp="2022-03-17T14:25:58 EDT" skipped="0">
  <testcase classname="listenerspack.TestNGListenersDemo" name="test4" time="0.013"/>
  <system-out/>
</testsuite> <!-- listenerspack.TestNGListenersDemo -->
