<?xml version="1.0" encoding="UTF-8"?>
<!-- Generated by org.testng.reporters.JUnitReportReporter -->
<testsuite hostname="LAPTOP-1HDOL07R" failures="0" tests="1" name="demo.OrangeHRMTCRecDemo" time="3.677" errors="0" timestamp="2022-03-18T14:39:17 EDT" skipped="0">
  <testcase classname="demo.OrangeHRMTCRecDemo" name="testOrangeHRMTCRecDemo" time="3.677"/>
  <system-out/>
</testsuite> <!-- demo.OrangeHRMTCRecDemo -->
