<?xml version="1.0" encoding="UTF-8"?>
<!-- Generated by org.testng.reporters.JUnitReportReporter -->
<testsuite hostname="LAPTOP-1HDOL07R" failures="0" tests="3" name="Utils.ExcelDataProvider" time="7.641" errors="0" timestamp="2022-03-17T11:21:58 EDT" skipped="0">
  <testcase classname="Utils.ExcelDataProvider" name="test1" time="2.290"/>
  <system-out/>
  <testcase classname="Utils.ExcelDataProvider" name="test1" time="2.941"/>
  <system-out/>
  <testcase classname="Utils.ExcelDataProvider" name="test1" time="2.410"/>
  <system-out/>
</testsuite> <!-- Utils.ExcelDataProvider -->
